Analysis & Synthesis report for MultiCycleProc
Wed Apr 03 11:05:06 2019
Quartus II 64-Bit Version 14.1.0 Build 186 12/03/2014 SJ Web Edition


---------------------
; Table of Contents ;
---------------------
  1. Legal Notice
  2. Analysis & Synthesis Summary
  3. Analysis & Synthesis Settings
  4. Parallel Compilation
  5. Analysis & Synthesis Source Files Read
  6. Analysis & Synthesis Resource Usage Summary
  7. Analysis & Synthesis Resource Utilization by Entity
  8. General Register Statistics
  9. Port Connectivity Checks: "equalTestFiveBit:Compare_MemWb_Rd_Zero"
 10. Port Connectivity Checks: "equalTestFiveBit:Compare_EXMEM_Rd_Zero"
 11. Post-Synthesis Netlist Statistics for Top Partition
 12. Elapsed Time Per Partition
 13. Analysis & Synthesis Messages



----------------
; Legal Notice ;
----------------
Copyright (C) 1991-2014 Altera Corporation. All rights reserved.
Your use of Altera Corporation's design tools, logic functions 
and other software and tools, and its AMPP partner logic 
functions, and any output files from any of the foregoing 
(including device programming or simulation files), and any 
associated documentation or information are expressly subject 
to the terms and conditions of the Altera Program License 
Subscription Agreement, the Altera Quartus II License Agreement,
the Altera MegaCore Function License Agreement, or other 
applicable license agreement, including, without limitation, 
that your use is for the sole purpose of programming logic 
devices manufactured by Altera and sold by Altera or its 
authorized distributors.  Please refer to the applicable 
agreement for further details.



+---------------------------------------------------------------------------------+
; Analysis & Synthesis Summary                                                    ;
+------------------------------------+--------------------------------------------+
; Analysis & Synthesis Status        ; Successful - Wed Apr 03 11:05:06 2019      ;
; Quartus II 64-Bit Version          ; 14.1.0 Build 186 12/03/2014 SJ Web Edition ;
; Revision Name                      ; MultiCycleProc                             ;
; Top-level Entity Name              ; Forwarding_Unit                            ;
; Family                             ; Cyclone IV E                               ;
; Total logic elements               ; 22                                         ;
;     Total combinational functions  ; 22                                         ;
;     Dedicated logic registers      ; 0                                          ;
; Total registers                    ; 0                                          ;
; Total pins                         ; 26                                         ;
; Total virtual pins                 ; 0                                          ;
; Total memory bits                  ; 0                                          ;
; Embedded Multiplier 9-bit elements ; 0                                          ;
; Total PLLs                         ; 0                                          ;
+------------------------------------+--------------------------------------------+


+----------------------------------------------------------------------------------------------------------------------+
; Analysis & Synthesis Settings                                                                                        ;
+----------------------------------------------------------------------------+--------------------+--------------------+
; Option                                                                     ; Setting            ; Default Value      ;
+----------------------------------------------------------------------------+--------------------+--------------------+
; Device                                                                     ; EP4CE115F29C7      ;                    ;
; Top-level entity name                                                      ; Forwarding_Unit    ; MultiCycleProc     ;
; Family name                                                                ; Cyclone IV E       ; Cyclone IV GX      ;
; Use smart compilation                                                      ; Off                ; Off                ;
; Enable parallel Assembler and TimeQuest Timing Analyzer during compilation ; On                 ; On                 ;
; Enable compact report table                                                ; Off                ; Off                ;
; Restructure Multiplexers                                                   ; Auto               ; Auto               ;
; Create Debugging Nodes for IP Cores                                        ; Off                ; Off                ;
; Preserve fewer node names                                                  ; On                 ; On                 ;
; Disable OpenCore Plus hardware evaluation                                  ; Off                ; Off                ;
; Verilog Version                                                            ; Verilog_2001       ; Verilog_2001       ;
; VHDL Version                                                               ; VHDL_1993          ; VHDL_1993          ;
; State Machine Processing                                                   ; Auto               ; Auto               ;
; Safe State Machine                                                         ; Off                ; Off                ;
; Extract Verilog State Machines                                             ; On                 ; On                 ;
; Extract VHDL State Machines                                                ; On                 ; On                 ;
; Ignore Verilog initial constructs                                          ; Off                ; Off                ;
; Iteration limit for constant Verilog loops                                 ; 5000               ; 5000               ;
; Iteration limit for non-constant Verilog loops                             ; 250                ; 250                ;
; Add Pass-Through Logic to Inferred RAMs                                    ; On                 ; On                 ;
; Infer RAMs from Raw Logic                                                  ; On                 ; On                 ;
; Parallel Synthesis                                                         ; On                 ; On                 ;
; DSP Block Balancing                                                        ; Auto               ; Auto               ;
; NOT Gate Push-Back                                                         ; On                 ; On                 ;
; Power-Up Don't Care                                                        ; On                 ; On                 ;
; Remove Redundant Logic Cells                                               ; Off                ; Off                ;
; Remove Duplicate Registers                                                 ; On                 ; On                 ;
; Ignore CARRY Buffers                                                       ; Off                ; Off                ;
; Ignore CASCADE Buffers                                                     ; Off                ; Off                ;
; Ignore GLOBAL Buffers                                                      ; Off                ; Off                ;
; Ignore ROW GLOBAL Buffers                                                  ; Off                ; Off                ;
; Ignore LCELL Buffers                                                       ; Off                ; Off                ;
; Ignore SOFT Buffers                                                        ; On                 ; On                 ;
; Limit AHDL Integers to 32 Bits                                             ; Off                ; Off                ;
; Optimization Technique                                                     ; Balanced           ; Balanced           ;
; Carry Chain Length                                                         ; 70                 ; 70                 ;
; Auto Carry Chains                                                          ; On                 ; On                 ;
; Auto Open-Drain Pins                                                       ; On                 ; On                 ;
; Perform WYSIWYG Primitive Resynthesis                                      ; Off                ; Off                ;
; Auto ROM Replacement                                                       ; On                 ; On                 ;
; Auto RAM Replacement                                                       ; On                 ; On                 ;
; Auto DSP Block Replacement                                                 ; On                 ; On                 ;
; Auto Shift Register Replacement                                            ; Auto               ; Auto               ;
; Allow Shift Register Merging across Hierarchies                            ; Auto               ; Auto               ;
; Auto Clock Enable Replacement                                              ; On                 ; On                 ;
; Strict RAM Replacement                                                     ; Off                ; Off                ;
; Allow Synchronous Control Signals                                          ; On                 ; On                 ;
; Force Use of Synchronous Clear Signals                                     ; Off                ; Off                ;
; Auto RAM Block Balancing                                                   ; On                 ; On                 ;
; Auto RAM to Logic Cell Conversion                                          ; Off                ; Off                ;
; Auto Resource Sharing                                                      ; Off                ; Off                ;
; Allow Any RAM Size For Recognition                                         ; Off                ; Off                ;
; Allow Any ROM Size For Recognition                                         ; Off                ; Off                ;
; Allow Any Shift Register Size For Recognition                              ; Off                ; Off                ;
; Use LogicLock Constraints during Resource Balancing                        ; On                 ; On                 ;
; Ignore translate_off and synthesis_off directives                          ; Off                ; Off                ;
; Timing-Driven Synthesis                                                    ; On                 ; On                 ;
; Report Parameter Settings                                                  ; On                 ; On                 ;
; Report Source Assignments                                                  ; On                 ; On                 ;
; Report Connectivity Checks                                                 ; On                 ; On                 ;
; Ignore Maximum Fan-Out Assignments                                         ; Off                ; Off                ;
; Synchronization Register Chain Length                                      ; 2                  ; 2                  ;
; PowerPlay Power Optimization During Synthesis                              ; Normal compilation ; Normal compilation ;
; HDL message level                                                          ; Level2             ; Level2             ;
; Suppress Register Optimization Related Messages                            ; Off                ; Off                ;
; Number of Removed Registers Reported in Synthesis Report                   ; 5000               ; 5000               ;
; Number of Swept Nodes Reported in Synthesis Report                         ; 5000               ; 5000               ;
; Number of Inverted Registers Reported in Synthesis Report                  ; 100                ; 100                ;
; Clock MUX Protection                                                       ; On                 ; On                 ;
; Auto Gated Clock Conversion                                                ; Off                ; Off                ;
; Block Design Naming                                                        ; Auto               ; Auto               ;
; SDC constraint protection                                                  ; Off                ; Off                ;
; Synthesis Effort                                                           ; Auto               ; Auto               ;
; Shift Register Replacement - Allow Asynchronous Clear Signal               ; On                 ; On                 ;
; Pre-Mapping Resynthesis Optimization                                       ; Off                ; Off                ;
; Analysis & Synthesis Message Level                                         ; Medium             ; Medium             ;
; Disable Register Merging Across Hierarchies                                ; Auto               ; Auto               ;
; Resource Aware Inference For Block RAM                                     ; On                 ; On                 ;
; Synthesis Seed                                                             ; 1                  ; 1                  ;
+----------------------------------------------------------------------------+--------------------+--------------------+


+------------------------------------------+
; Parallel Compilation                     ;
+----------------------------+-------------+
; Processors                 ; Number      ;
+----------------------------+-------------+
; Number detected on machine ; 8           ;
; Maximum allowed            ; 4           ;
;                            ;             ;
; Average used               ; 1.00        ;
; Maximum used               ; 1           ;
;                            ;             ;
; Usage by Processor         ; % Time Used ;
;     Processor 1            ; 100.0%      ;
;     Processors 2-8         ;   0.0%      ;
+----------------------------+-------------+


+----------------------------------------------------------------------------------------------------------------------------------------------------------------+
; Analysis & Synthesis Source Files Read                                                                                                                         ;
+----------------------------------+-----------------+-----------------+-------------------------------------------------------------------------------+---------+
; File Name with User-Entered Path ; Used in Netlist ; File Type       ; File Name with Absolute Path                                                  ; Library ;
+----------------------------------+-----------------+-----------------+-------------------------------------------------------------------------------+---------+
; Forwarding_Unit.vhd              ; yes             ; User VHDL File  ; C:/Users/spenc/Uni Third Year/CEG3156/Labs/PipelinedMips/Forwarding_Unit.vhd  ;         ;
; equalTestFiveBit.vhd             ; yes             ; User VHDL File  ; C:/Users/spenc/Uni Third Year/CEG3156/Labs/PipelinedMips/equalTestFiveBit.vhd ;         ;
+----------------------------------+-----------------+-----------------+-------------------------------------------------------------------------------+---------+


+------------------------------------------------------------------+
; Analysis & Synthesis Resource Usage Summary                      ;
+---------------------------------------------+--------------------+
; Resource                                    ; Usage              ;
+---------------------------------------------+--------------------+
; Estimated Total logic elements              ; 22                 ;
;                                             ;                    ;
; Total combinational functions               ; 22                 ;
; Logic element usage by number of LUT inputs ;                    ;
;     -- 4 input functions                    ; 16                 ;
;     -- 3 input functions                    ; 1                  ;
;     -- <=2 input functions                  ; 5                  ;
;                                             ;                    ;
; Logic elements by mode                      ;                    ;
;     -- normal mode                          ; 22                 ;
;     -- arithmetic mode                      ; 0                  ;
;                                             ;                    ;
; Total registers                             ; 0                  ;
;     -- Dedicated logic registers            ; 0                  ;
;     -- I/O registers                        ; 0                  ;
;                                             ;                    ;
; I/O pins                                    ; 26                 ;
;                                             ;                    ;
; Embedded Multiplier 9-bit elements          ; 0                  ;
;                                             ;                    ;
; Maximum fan-out node                        ; MEM_WB_Rd[1]~input ;
; Maximum fan-out                             ; 3                  ;
; Total fan-out                               ; 107                ;
; Average fan-out                             ; 1.45               ;
+---------------------------------------------+--------------------+


+------------------------------------------------------------------------------------------------------------------------------------------------------------------------------------------------------------------------------------+
; Analysis & Synthesis Resource Utilization by Entity                                                                                                                                                                                ;
+----------------------------------------------+-------------------+--------------+-------------+--------------+---------+-----------+------+--------------+----------------------------------------------------------+--------------+
; Compilation Hierarchy Node                   ; LC Combinationals ; LC Registers ; Memory Bits ; DSP Elements ; DSP 9x9 ; DSP 18x18 ; Pins ; Virtual Pins ; Full Hierarchy Name                                      ; Library Name ;
+----------------------------------------------+-------------------+--------------+-------------+--------------+---------+-----------+------+--------------+----------------------------------------------------------+--------------+
; |Forwarding_Unit                             ; 22 (18)           ; 0 (0)        ; 0           ; 0            ; 0       ; 0         ; 26   ; 0            ; |Forwarding_Unit                                         ; work         ;
;    |equalTestFiveBit:Compare_EXMEM_Rd_Zero|  ; 2 (2)             ; 0 (0)        ; 0           ; 0            ; 0       ; 0         ; 0    ; 0            ; |Forwarding_Unit|equalTestFiveBit:Compare_EXMEM_Rd_Zero  ; work         ;
;    |equalTestFiveBit:Compare_ExMemRd_IdExRs| ; 1 (1)             ; 0 (0)        ; 0           ; 0            ; 0       ; 0         ; 0    ; 0            ; |Forwarding_Unit|equalTestFiveBit:Compare_ExMemRd_IdExRs ; work         ;
;    |equalTestFiveBit:Compare_ExMemRd_IdExRt| ; 1 (1)             ; 0 (0)        ; 0           ; 0            ; 0       ; 0         ; 0    ; 0            ; |Forwarding_Unit|equalTestFiveBit:Compare_ExMemRd_IdExRt ; work         ;
+----------------------------------------------+-------------------+--------------+-------------+--------------+---------+-----------+------+--------------+----------------------------------------------------------+--------------+
Note: For table entries with two numbers listed, the numbers in parentheses indicate the number of resources of the given type used by the specific entity alone. The numbers listed outside of parentheses indicate the total resources of the given type used by the specific entity and all of its sub-entities in the hierarchy.


+------------------------------------------------------+
; General Register Statistics                          ;
+----------------------------------------------+-------+
; Statistic                                    ; Value ;
+----------------------------------------------+-------+
; Total registers                              ; 0     ;
; Number of registers using Synchronous Clear  ; 0     ;
; Number of registers using Synchronous Load   ; 0     ;
; Number of registers using Asynchronous Clear ; 0     ;
; Number of registers using Asynchronous Load  ; 0     ;
; Number of registers using Clock Enable       ; 0     ;
; Number of registers using Preset             ; 0     ;
+----------------------------------------------+-------+


+--------------------------------------------------------------------+
; Port Connectivity Checks: "equalTestFiveBit:Compare_MemWb_Rd_Zero" ;
+------+-------+----------+------------------------------------------+
; Port ; Type  ; Severity ; Details                                  ;
+------+-------+----------+------------------------------------------+
; numb ; Input ; Info     ; Stuck at GND                             ;
+------+-------+----------+------------------------------------------+


+--------------------------------------------------------------------+
; Port Connectivity Checks: "equalTestFiveBit:Compare_EXMEM_Rd_Zero" ;
+------+-------+----------+------------------------------------------+
; Port ; Type  ; Severity ; Details                                  ;
+------+-------+----------+------------------------------------------+
; numb ; Input ; Info     ; Stuck at GND                             ;
+------+-------+----------+------------------------------------------+


+-----------------------------------------------------+
; Post-Synthesis Netlist Statistics for Top Partition ;
+-----------------------+-----------------------------+
; Type                  ; Count                       ;
+-----------------------+-----------------------------+
; boundary_port         ; 26                          ;
; cycloneiii_lcell_comb ; 22                          ;
;     normal            ; 22                          ;
;         2 data inputs ; 5                           ;
;         3 data inputs ; 1                           ;
;         4 data inputs ; 16                          ;
;                       ;                             ;
; Max LUT depth         ; 5.00                        ;
; Average LUT depth     ; 4.02                        ;
+-----------------------+-----------------------------+


+-------------------------------+
; Elapsed Time Per Partition    ;
+----------------+--------------+
; Partition Name ; Elapsed Time ;
+----------------+--------------+
; Top            ; 00:00:00     ;
+----------------+--------------+


+-------------------------------+
; Analysis & Synthesis Messages ;
+-------------------------------+
Info: *******************************************************************
Info: Running Quartus II 64-Bit Analysis & Synthesis
    Info: Version 14.1.0 Build 186 12/03/2014 SJ Web Edition
    Info: Processing started: Wed Apr 03 11:04:55 2019
Info: Command: quartus_map --read_settings_files=on --write_settings_files=off PipelinedMips -c MultiCycleProc
Info (11104): Parallel Compilation has detected 8 hyper-threaded processors. However, the extra hyper-threaded processors will not be used by default. Parallel Compilation will use 4 of the 4 physical processors detected instead.
Info (12021): Found 2 design units, including 1 entities, in source file multicycleproc.vhd
    Info (12022): Found design unit 1: MultiCycleProc-RTL
    Info (12023): Found entity 1: MultiCycleProc
Info (12021): Found 2 design units, including 1 entities, in source file onebitcomparator.vhd
    Info (12022): Found design unit 1: oneBitComparator-rtl
    Info (12023): Found entity 1: oneBitComparator
Info (12021): Found 2 design units, including 1 entities, in source file eightbitcomparator.vhd
    Info (12022): Found design unit 1: EightBitComparator-rtl
    Info (12023): Found entity 1: EightBitComparator
Info (12021): Found 2 design units, including 1 entities, in source file hazard_control_unit.vhd
    Info (12022): Found design unit 1: Hazard_Control-structual
    Info (12023): Found entity 1: Hazard_Control
Info (12021): Found 2 design units, including 1 entities, in source file forwarding_unit.vhd
    Info (12022): Found design unit 1: Forwarding_Unit-structual
    Info (12023): Found entity 1: Forwarding_Unit
Info (12021): Found 2 design units, including 1 entities, in source file ex_mem_buffer.vhd
    Info (12022): Found design unit 1: Ex_Mem_Buffer-Structual
    Info (12023): Found entity 1: Ex_Mem_Buffer
Info (12021): Found 2 design units, including 1 entities, in source file control_unit.vhd
    Info (12022): Found design unit 1: CONTROL_UNIT-stru
    Info (12023): Found entity 1: CONTROL_UNIT
Info (12021): Found 2 design units, including 1 entities, in source file four_multiplier.vhd
    Info (12022): Found design unit 1: FOUR_MULTIPLIER-stru
    Info (12023): Found entity 1: FOUR_MULTIPLIER
Info (12021): Found 2 design units, including 1 entities, in source file eight_bit_sixteen_to_one.vhd
    Info (12022): Found design unit 1: EIGHT_BIT_SIXTEEN_TO_ONE-stru
    Info (12023): Found entity 1: EIGHT_BIT_SIXTEEN_TO_ONE
Info (12021): Found 2 design units, including 1 entities, in source file eight_bit_four_to_one.vhd
    Info (12022): Found design unit 1: EIGHT_BIT_FOUR_TO_ONE-stru
    Info (12023): Found entity 1: EIGHT_BIT_FOUR_TO_ONE
Info (12021): Found 2 design units, including 1 entities, in source file eight_bit_two_to_one.vhd
    Info (12022): Found design unit 1: EIGHT_BIT_TWO_TO_ONE-stru
    Info (12023): Found entity 1: EIGHT_BIT_TWO_TO_ONE
Info (12021): Found 2 design units, including 1 entities, in source file one_bit_1_to_32.vhd
    Info (12022): Found design unit 1: ONE_BIT_1_TO_32-stru
    Info (12023): Found entity 1: ONE_BIT_1_TO_32
Info (12021): Found 2 design units, including 1 entities, in source file eight_bit_32_to_1.vhd
    Info (12022): Found design unit 1: EIGHT_BIT_32_TO_1-stru
    Info (12023): Found entity 1: EIGHT_BIT_32_TO_1
Info (12021): Found 2 design units, including 1 entities, in source file clockinverter.vhd
    Info (12022): Found design unit 1: clockInverter-RTL
    Info (12023): Found entity 1: clockInverter
Info (12021): Found 2 design units, including 1 entities, in source file reg_file.vhd
    Info (12022): Found design unit 1: REG_FILE-RTL
    Info (12023): Found entity 1: REG_FILE
Info (12021): Found 2 design units, including 1 entities, in source file onebitadder.vhd
    Info (12022): Found design unit 1: oneBitAdder-rtl
    Info (12023): Found entity 1: oneBitAdder
Info (12021): Found 2 design units, including 1 entities, in source file one_bit_select.vhd
    Info (12022): Found design unit 1: ONE_BIT_SELECT-BEHAV
    Info (12023): Found entity 1: ONE_BIT_SELECT
Info (12021): Found 2 design units, including 1 entities, in source file enardff_2.vhd
    Info (12022): Found design unit 1: enARdFF_2-rtl
    Info (12023): Found entity 1: enARdFF_2
Info (12021): Found 2 design units, including 1 entities, in source file pc_adder.vhd
    Info (12022): Found design unit 1: PC_Adder-AdderArch
    Info (12023): Found entity 1: PC_Adder
Info (12021): Found 2 design units, including 1 entities, in source file eight_bit_reg.vhd
    Info (12022): Found design unit 1: EIGHT_BIT_REG-rtl
    Info (12023): Found entity 1: EIGHT_BIT_REG
Info (12021): Found 2 design units, including 1 entities, in source file instruction_mem.vhd
    Info (12022): Found design unit 1: instruction_mem-SYN
    Info (12023): Found entity 1: instruction_mem
Info (12021): Found 2 design units, including 1 entities, in source file if_id_reg.vhd
    Info (12022): Found design unit 1: IF_ID_Reg-rtl
    Info (12023): Found entity 1: IF_ID_Reg
Info (12021): Found 2 design units, including 1 entities, in source file equaltest.vhd
    Info (12022): Found design unit 1: equalTest-RTL
    Info (12023): Found entity 1: equalTest
Info (12021): Found 2 design units, including 1 entities, in source file equaltestfivebit.vhd
    Info (12022): Found design unit 1: equalTestFiveBit-RTL
    Info (12023): Found entity 1: equalTestFiveBit
Info (12127): Elaborating entity "Forwarding_Unit" for the top level hierarchy
Info (12128): Elaborating entity "equalTestFiveBit" for hierarchy "equalTestFiveBit:Compare_ExMemRd_IdExRs"
Info (286030): Timing-Driven Synthesis is running
Info (16010): Generating hard_block partition "hard_block:auto_generated_inst"
    Info (16011): Adding 0 node(s), including 0 DDIO, 0 PLL, 0 transceiver and 0 LCELL
Info (21057): Implemented 48 device resources after synthesis - the final resource count might be different
    Info (21058): Implemented 22 input pins
    Info (21059): Implemented 4 output pins
    Info (21061): Implemented 22 logic cells
Info: Quartus II 64-Bit Analysis & Synthesis was successful. 0 errors, 0 warnings
    Info: Peak virtual memory: 4825 megabytes
    Info: Processing ended: Wed Apr 03 11:05:06 2019
    Info: Elapsed time: 00:00:11
    Info: Total CPU time (on all processors): 00:00:25


